# JRE version: Java(TM) SE Runtime Environment (8.0_25-b17) (build 1.8.0_25-b17)
# Java VM: Java HotSpot(TM) 64-Bit Server VM (25.25-b02 mixed mode bsd-amd64 compressed oops)
Heap:
 PSYoungGen      total 1203712K, used 1166386K [0x000000076ab00000, 0x00000007bae00000, 0x00000007c0000000)
  eden space 1197056K, 96% used [0x000000076ab00000,0x00000007b17bbec0,0x00000007b3c00000)
  from space 6656K, 97% used [0x00000007ba780000,0x00000007badd0bb8,0x00000007bae00000)
  to   space 10240K, 0% used [0x00000007b9a00000,0x00000007b9a00000,0x00000007ba400000)
 ParOldGen       total 112128K, used 24275K [0x00000006c0000000, 0x00000006c6d80000, 0x000000076ab00000)
  object space 112128K, 21% used [0x00000006c0000000,0x00000006c17b4f90,0x00000006c6d80000)
 Metaspace       used 40906K, capacity 54513K, committed 54656K, reserved 1089536K
  class space    used 10126K, capacity 14618K, committed 14720K, reserved 1048576K
GC Heap History (10 events):
Event: 72.791 GC heap before
{Heap before GC invocations=10 (full 1):
 PSYoungGen      total 530944K, used 8480K [0x000000076ab00000, 0x000000079ed80000, 0x00000007c0000000)
  eden space 521216K, 0% used [0x000000076ab00000,0x000000076ab00000,0x000000078a800000)
  from space 9728K, 87% used [0x000000078a800000,0x000000078b048040,0x000000078b180000)
  to   space 10240K, 0% used [0x000000079e380000,0x000000079e380000,0x000000079ed80000)
 ParOldGen       total 175104K, used 9541K [0x00000006c0000000, 0x00000006cab00000, 0x000000076ab00000)
  object space 175104K, 5% used [0x00000006c0000000,0x00000006c0951460,0x00000006cab00000)
 Metaspace       used 19209K, capacity 21033K, committed 21248K, reserved 1067008K
  class space    used 3817K, capacity 4481K, committed 4608K, reserved 1048576K
Event: 72.912 GC heap after
Heap after GC invocations=10 (full 1):
 PSYoungGen      total 530944K, used 0K [0x000000076ab00000, 0x000000079ed80000, 0x00000007c0000000)
  eden space 521216K, 0% used [0x000000076ab00000,0x000000076ab00000,0x000000078a800000)
  from space 9728K, 0% used [0x000000078a800000,0x000000078a800000,0x000000078b180000)
  to   space 10240K, 0% used [0x000000079e380000,0x000000079e380000,0x000000079ed80000)
 ParOldGen       total 88576K, used 17499K [0x00000006c0000000, 0x00000006c5680000, 0x000000076ab00000)
  object space 88576K, 19% used [0x00000006c0000000,0x00000006c1116ca8,0x00000006c5680000)
 Metaspace       used 19208K, capacity 21031K, committed 21248K, reserved 1067008K
  class space    used 3816K, capacity 4480K, committed 4608K, reserved 1048576K
}
Event: 76.504 GC heap before
{Heap before GC invocations=11 (full 1):
 PSYoungGen      total 530944K, used 521216K [0x000000076ab00000, 0x000000079ed80000, 0x00000007c0000000)
  eden space 521216K, 100% used [0x000000076ab00000,0x000000078a800000,0x000000078a800000)
  from space 9728K, 0% used [0x000000078a800000,0x000000078a800000,0x000000078b180000)
  to   space 10240K, 0% used [0x000000079e380000,0x000000079e380000,0x000000079ed80000)
 ParOldGen       total 88576K, used 17499K [0x00000006c0000000, 0x00000006c5680000, 0x000000076ab00000)
  object space 88576K, 19% used [0x00000006c0000000,0x00000006c1116ca8,0x00000006c5680000)
 Metaspace       used 27414K, capacity 32389K, committed 32640K, reserved 1075200K
  class space    used 6130K, capacity 7763K, committed 7808K, reserved 1048576K
Event: 76.512 GC heap after
Heap after GC invocations=11 (full 1):
 PSYoungGen      total 830976K, used 7200K [0x000000076ab00000, 0x000000079eb00000, 0x00000007c0000000)
  eden space 823296K, 0% used [0x000000076ab00000,0x000000076ab00000,0x000000079cf00000)
  from space 7680K, 93% used [0x000000079e380000,0x000000079ea882c8,0x000000079eb00000)
  to   space 9728K, 0% used [0x000000079d800000,0x000000079d800000,0x000000079e180000)
 ParOldGen       total 88576K, used 17507K [0x00000006c0000000, 0x00000006c5680000, 0x000000076ab00000)
  object space 88576K, 19% used [0x00000006c0000000,0x00000006c1118ca8,0x00000006c5680000)
 Metaspace       used 27414K, capacity 32389K, committed 32640K, reserved 1075200K
  class space    used 6130K, capacity 7763K, committed 7808K, reserved 1048576K
}
Event: 77.160 GC heap before
{Heap before GC invocations=12 (full 1):
 PSYoungGen      total 830976K, used 160484K [0x000000076ab00000, 0x000000079eb00000, 0x00000007c0000000)
  eden space 823296K, 18% used [0x000000076ab00000,0x00000007740b0d68,0x000000079cf00000)
  from space 7680K, 93% used [0x000000079e380000,0x000000079ea882c8,0x000000079eb00000)
  to   space 9728K, 0% used [0x000000079d800000,0x000000079d800000,0x000000079e180000)
 ParOldGen       total 88576K, used 17507K [0x00000006c0000000, 0x00000006c5680000, 0x000000076ab00000)
  object space 88576K, 19% used [0x00000006c0000000,0x00000006c1118ca8,0x00000006c5680000)
 Metaspace       used 29334K, capacity 35389K, committed 35416K, reserved 1075200K
  class space    used 6767K, capacity 8935K, committed 8960K, reserved 1048576K
Event: 77.167 GC heap after
Heap after GC invocations=12 (full 1):
 PSYoungGen      total 842240K, used 1893K [0x000000076ab00000, 0x00000007bb200000, 0x00000007c0000000)
  eden space 832512K, 0% used [0x000000076ab00000,0x000000076ab00000,0x000000079d800000)
  from space 9728K, 19% used [0x000000079d800000,0x000000079d9d9620,0x000000079e180000)
  to   space 10752K, 0% used [0x00000007ba780000,0x00000007ba780000,0x00000007bb200000)
 ParOldGen       total 88576K, used 23333K [0x00000006c0000000, 0x00000006c5680000, 0x000000076ab00000)
  object space 88576K, 26% used [0x00000006c0000000,0x00000006c16c96c8,0x00000006c5680000)
 Metaspace       used 29334K, capacity 35389K, committed 35416K, reserved 1075200K
  class space    used 6767K, capacity 8935K, committed 8960K, reserved 1048576K
}
Event: 77.167 GC heap before
{Heap before GC invocations=13 (full 2):
 PSYoungGen      total 842240K, used 1893K [0x000000076ab00000, 0x00000007bb200000, 0x00000007c0000000)
  eden space 832512K, 0% used [0x000000076ab00000,0x000000076ab00000,0x000000079d800000)
  from space 9728K, 19% used [0x000000079d800000,0x000000079d9d9620,0x000000079e180000)
  to   space 10752K, 0% used [0x00000007ba780000,0x00000007ba780000,0x00000007bb200000)
 ParOldGen       total 88576K, used 23333K [0x00000006c0000000, 0x00000006c5680000, 0x000000076ab00000)
  object space 88576K, 26% used [0x00000006c0000000,0x00000006c16c96c8,0x00000006c5680000)
 Metaspace       used 29334K, capacity 35389K, committed 35416K, reserved 1075200K
  class space    used 6767K, capacity 8935K, committed 8960K, reserved 1048576K
Event: 77.252 GC heap after
Heap after GC invocations=13 (full 2):
 PSYoungGen      total 842240K, used 0K [0x000000076ab00000, 0x00000007bb200000, 0x00000007c0000000)
  eden space 832512K, 0% used [0x000000076ab00000,0x000000076ab00000,0x000000079d800000)
  from space 9728K, 0% used [0x000000079d800000,0x000000079d800000,0x000000079e180000)
  to   space 10752K, 0% used [0x00000007ba780000,0x00000007ba780000,0x00000007bb200000)
 ParOldGen       total 112128K, used 24267K [0x00000006c0000000, 0x00000006c6d80000, 0x000000076ab00000)
  object space 112128K, 21% used [0x00000006c0000000,0x00000006c17b2f90,0x00000006c6d80000)
 Metaspace       used 29334K, capacity 35389K, committed 35416K, reserved 1075200K
  class space    used 6767K, capacity 8935K, committed 8960K, reserved 1048576K
}
Event: 78.336 GC heap before
{Heap before GC invocations=14 (full 2):
 PSYoungGen      total 842240K, used 832512K [0x000000076ab00000, 0x00000007bb200000, 0x00000007c0000000)
  eden space 832512K, 100% used [0x000000076ab00000,0x000000079d800000,0x000000079d800000)
  from space 9728K, 0% used [0x000000079d800000,0x000000079d800000,0x000000079e180000)
  to   space 10752K, 0% used [0x00000007ba780000,0x00000007ba780000,0x00000007bb200000)
 ParOldGen       total 112128K, used 24267K [0x00000006c0000000, 0x00000006c6d80000, 0x000000076ab00000)
  object space 112128K, 21% used [0x00000006c0000000,0x00000006c17b2f90,0x00000006c6d80000)
 Metaspace       used 30763K, capacity 37581K, committed 37760K, reserved 1077248K
  class space    used 7227K, capacity 9592K, committed 9600K, reserved 1048576K
Event: 78.341 GC heap after
Heap after GC invocations=14 (full 2):
 PSYoungGen      total 1203712K, used 6466K [0x000000076ab00000, 0x00000007bae00000, 0x00000007c0000000)
  eden space 1197056K, 0% used [0x000000076ab00000,0x000000076ab00000,0x00000007b3c00000)
  from space 6656K, 97% used [0x00000007ba780000,0x00000007badd0bb8,0x00000007bae00000)
  to   space 10240K, 0% used [0x00000007b9a00000,0x00000007b9a00000,0x00000007ba400000)
 ParOldGen       total 112128K, used 24275K [0x00000006c0000000, 0x00000006c6d80000, 0x000000076ab00000)
  object space 112128K, 21% used [0x00000006c0000000,0x00000006c17b4f90,0x00000006c6d80000)
 Metaspace       used 30763K, capacity 37581K, committed 37760K, reserved 1077248K
  class space    used 7227K, capacity 9592K, committed 9600K, reserved 1048576K
}

