# JRE version: Java(TM) SE Runtime Environment (8.0_25-b17) (build 1.8.0_25-b17)
# Java VM: Java HotSpot(TM) 64-Bit Server VM (25.25-b02 mixed mode bsd-amd64 compressed oops)
Heap:
 PSYoungGen      total 1203200K, used 1156508K [0x000000076ab00000, 0x00000007b9280000, 0x00000007c0000000)
  eden space 1196544K, 96% used [0x000000076ab00000,0x00000007b0e08478,0x00000007b3b80000)
  from space 6656K, 98% used [0x00000007b8c00000,0x00000007b925ed78,0x00000007b9280000)
  to   space 10752K, 0% used [0x00000007b7d80000,0x00000007b7d80000,0x00000007b8800000)
 ParOldGen       total 113664K, used 24575K [0x00000006c0000000, 0x00000006c6f00000, 0x000000076ab00000)
  object space 113664K, 21% used [0x00000006c0000000,0x00000006c17ffcf8,0x00000006c6f00000)
 Metaspace       used 40903K, capacity 54514K, committed 54656K, reserved 1089536K
  class space    used 10126K, capacity 14619K, committed 14720K, reserved 1048576K
GC Heap History (10 events):
Event: 36.943 GC heap before
{Heap before GC invocations=10 (full 1):
 PSYoungGen      total 530944K, used 8535K [0x000000076ab00000, 0x000000079ed00000, 0x00000007c0000000)
  eden space 520704K, 0% used [0x000000076ab00000,0x000000076ab00000,0x000000078a780000)
  from space 10240K, 83% used [0x000000078a780000,0x000000078afd5fb0,0x000000078b180000)
  to   space 10240K, 0% used [0x000000079e300000,0x000000079e300000,0x000000079ed00000)
 ParOldGen       total 175104K, used 9506K [0x00000006c0000000, 0x00000006cab00000, 0x000000076ab00000)
  object space 175104K, 5% used [0x00000006c0000000,0x00000006c0948920,0x00000006cab00000)
 Metaspace       used 19221K, capacity 21096K, committed 21296K, reserved 1067008K
  class space    used 3819K, capacity 4480K, committed 4480K, reserved 1048576K
Event: 37.064 GC heap after
Heap after GC invocations=10 (full 1):
 PSYoungGen      total 530944K, used 0K [0x000000076ab00000, 0x000000079ed00000, 0x00000007c0000000)
  eden space 520704K, 0% used [0x000000076ab00000,0x000000076ab00000,0x000000078a780000)
  from space 10240K, 0% used [0x000000078a780000,0x000000078a780000,0x000000078b180000)
  to   space 10240K, 0% used [0x000000079e300000,0x000000079e300000,0x000000079ed00000)
 ParOldGen       total 89600K, used 17592K [0x00000006c0000000, 0x00000006c5780000, 0x000000076ab00000)
  object space 89600K, 19% used [0x00000006c0000000,0x00000006c112e010,0x00000006c5780000)
 Metaspace       used 19219K, capacity 21094K, committed 21296K, reserved 1067008K
  class space    used 3818K, capacity 4479K, committed 4480K, reserved 1048576K
}
Event: 40.869 GC heap before
{Heap before GC invocations=11 (full 1):
 PSYoungGen      total 530944K, used 520704K [0x000000076ab00000, 0x000000079ed00000, 0x00000007c0000000)
  eden space 520704K, 100% used [0x000000076ab00000,0x000000078a780000,0x000000078a780000)
  from space 10240K, 0% used [0x000000078a780000,0x000000078a780000,0x000000078b180000)
  to   space 10240K, 0% used [0x000000079e300000,0x000000079e300000,0x000000079ed00000)
 ParOldGen       total 89600K, used 17592K [0x00000006c0000000, 0x00000006c5780000, 0x000000076ab00000)
  object space 89600K, 19% used [0x00000006c0000000,0x00000006c112e010,0x00000006c5780000)
 Metaspace       used 27428K, capacity 32326K, committed 32384K, reserved 1073152K
  class space    used 6136K, capacity 7764K, committed 7808K, reserved 1048576K
Event: 40.874 GC heap after
Heap after GC invocations=11 (full 1):
 PSYoungGen      total 822272K, used 7159K [0x000000076ab00000, 0x000000079ea00000, 0x00000007c0000000)
  eden space 815104K, 0% used [0x000000076ab00000,0x000000076ab00000,0x000000079c700000)
  from space 7168K, 99% used [0x000000079e300000,0x000000079e9fdfd8,0x000000079ea00000)
  to   space 10240K, 0% used [0x000000079d600000,0x000000079d600000,0x000000079e000000)
 ParOldGen       total 89600K, used 17600K [0x00000006c0000000, 0x00000006c5780000, 0x000000076ab00000)
  object space 89600K, 19% used [0x00000006c0000000,0x00000006c1130010,0x00000006c5780000)
 Metaspace       used 27428K, capacity 32326K, committed 32384K, reserved 1073152K
  class space    used 6136K, capacity 7764K, committed 7808K, reserved 1048576K
}
Event: 41.530 GC heap before
{Heap before GC invocations=12 (full 1):
 PSYoungGen      total 822272K, used 161522K [0x000000076ab00000, 0x000000079ea00000, 0x00000007c0000000)
  eden space 815104K, 18% used [0x000000076ab00000,0x00000007741be990,0x000000079c700000)
  from space 7168K, 99% used [0x000000079e300000,0x000000079e9fdfd8,0x000000079ea00000)
  to   space 10240K, 0% used [0x000000079d600000,0x000000079d600000,0x000000079e000000)
 ParOldGen       total 89600K, used 17600K [0x00000006c0000000, 0x00000006c5780000, 0x000000076ab00000)
  object space 89600K, 19% used [0x00000006c0000000,0x00000006c1130010,0x00000006c5780000)
 Metaspace       used 29379K, capacity 35454K, committed 35496K, reserved 1075200K
  class space    used 6787K, capacity 8960K, committed 8960K, reserved 1048576K
Event: 41.537 GC heap after
Heap after GC invocations=12 (full 1):
 PSYoungGen      total 840704K, used 2157K [0x000000076ab00000, 0x00000007b9680000, 0x00000007c0000000)
  eden space 830464K, 0% used [0x000000076ab00000,0x000000076ab00000,0x000000079d600000)
  from space 10240K, 21% used [0x000000079d600000,0x000000079d81b460,0x000000079e000000)
  to   space 10752K, 0% used [0x00000007b8c00000,0x00000007b8c00000,0x00000007b9680000)
 ParOldGen       total 89600K, used 23434K [0x00000006c0000000, 0x00000006c5780000, 0x000000076ab00000)
  object space 89600K, 26% used [0x00000006c0000000,0x00000006c16e2a30,0x00000006c5780000)
 Metaspace       used 29379K, capacity 35454K, committed 35496K, reserved 1075200K
  class space    used 6787K, capacity 8960K, committed 8960K, reserved 1048576K
}
Event: 41.537 GC heap before
{Heap before GC invocations=13 (full 2):
 PSYoungGen      total 840704K, used 2157K [0x000000076ab00000, 0x00000007b9680000, 0x00000007c0000000)
  eden space 830464K, 0% used [0x000000076ab00000,0x000000076ab00000,0x000000079d600000)
  from space 10240K, 21% used [0x000000079d600000,0x000000079d81b460,0x000000079e000000)
  to   space 10752K, 0% used [0x00000007b8c00000,0x00000007b8c00000,0x00000007b9680000)
 ParOldGen       total 89600K, used 23434K [0x00000006c0000000, 0x00000006c5780000, 0x000000076ab00000)
  object space 89600K, 26% used [0x00000006c0000000,0x00000006c16e2a30,0x00000006c5780000)
 Metaspace       used 29379K, capacity 35454K, committed 35496K, reserved 1075200K
  class space    used 6787K, capacity 8960K, committed 8960K, reserved 1048576K
Event: 41.626 GC heap after
Heap after GC invocations=13 (full 2):
 PSYoungGen      total 840704K, used 0K [0x000000076ab00000, 0x00000007b9680000, 0x00000007c0000000)
  eden space 830464K, 0% used [0x000000076ab00000,0x000000076ab00000,0x000000079d600000)
  from space 10240K, 0% used [0x000000079d600000,0x000000079d600000,0x000000079e000000)
  to   space 10752K, 0% used [0x00000007b8c00000,0x00000007b8c00000,0x00000007b9680000)
 ParOldGen       total 113664K, used 24567K [0x00000006c0000000, 0x00000006c6f00000, 0x000000076ab00000)
  object space 113664K, 21% used [0x00000006c0000000,0x00000006c17fdcf8,0x00000006c6f00000)
 Metaspace       used 29379K, capacity 35454K, committed 35496K, reserved 1075200K
  class space    used 6787K, capacity 8960K, committed 8960K, reserved 1048576K
}
Event: 42.692 GC heap before
{Heap before GC invocations=14 (full 2):
 PSYoungGen      total 840704K, used 830464K [0x000000076ab00000, 0x00000007b9680000, 0x00000007c0000000)
  eden space 830464K, 100% used [0x000000076ab00000,0x000000079d600000,0x000000079d600000)
  from space 10240K, 0% used [0x000000079d600000,0x000000079d600000,0x000000079e000000)
  to   space 10752K, 0% used [0x00000007b8c00000,0x00000007b8c00000,0x00000007b9680000)
 ParOldGen       total 113664K, used 24567K [0x00000006c0000000, 0x00000006c6f00000, 0x000000076ab00000)
  object space 113664K, 21% used [0x00000006c0000000,0x00000006c17fdcf8,0x00000006c6f00000)
 Metaspace       used 30869K, capacity 37714K, committed 37888K, reserved 1077248K
  class space    used 7261K, capacity 9637K, committed 9728K, reserved 1048576K
Event: 42.697 GC heap after
Heap after GC invocations=14 (full 2):
 PSYoungGen      total 1203200K, used 6523K [0x000000076ab00000, 0x00000007b9280000, 0x00000007c0000000)
  eden space 1196544K, 0% used [0x000000076ab00000,0x000000076ab00000,0x00000007b3b80000)
  from space 6656K, 98% used [0x00000007b8c00000,0x00000007b925ed78,0x00000007b9280000)
  to   space 10752K, 0% used [0x00000007b7d80000,0x00000007b7d80000,0x00000007b8800000)
 ParOldGen       total 113664K, used 24575K [0x00000006c0000000, 0x00000006c6f00000, 0x000000076ab00000)
  object space 113664K, 21% used [0x00000006c0000000,0x00000006c17ffcf8,0x00000006c6f00000)
 Metaspace       used 30869K, capacity 37714K, committed 37888K, reserved 1077248K
  class space    used 7261K, capacity 9637K, committed 9728K, reserved 1048576K
}

